<?xml version="1.0" encoding="UTF-8"?>
<testsuite xmlns:xsi="http://www.w3.org/2001/XMLSchema-instance" xsi:noNamespaceSchemaLocation="https://maven.apache.org/surefire/maven-surefire-plugin/xsd/surefire-test-report-3.0.xsd" version="3.0" name="CalculadoraTest" time="0.221" tests="10" errors="0" skipped="0" failures="0">
  <properties>
[...]
</properties>
  <testcase name="testPorcentajeNormal" classname="CalculadoraTest" time="0.086">
    <system-out><![CDATA[Iniciando prueba...
Probando porcentaje normal: 25 de 200
Método porcentaje() llamado con parte = 25, total = 200
Resultado de porcentaje: 12
Esperado: 12, Obtenido: 12
Prueba finalizada!
]]></system-out>
  </testcase>
  <testcase name="testMultiplicarPorCero" classname="CalculadoraTest" time="0.002">
    <system-out><![CDATA[Iniciando prueba...
Probando multiplicar por cero: 7 * 0
Método multiplicar() llamado con a = 7, b = 0
Resultado de multiplicar: 0
Esperado: 0, Obtenido: 0
Prueba finalizada!
]]></system-out>
  </testcase>
  <testcase name="testSumar" classname="CalculadoraTest" time="0.003">
    <system-out><![CDATA[Iniciando prueba...
Ejecutando testSumar...
Método sumar() llamado con a = 3, b = 4
Resultado de sumar: 7
Resultado: 7
Prueba finalizada!
]]></system-out>
  </testcase>
  <testcase name="testRestarPositivos" classname="CalculadoraTest" time="0.003">
    <system-out><![CDATA[Iniciando prueba...
Probando restar con positivos: 10 - 4
Método restar() llamado con a = 10, b = 4
Resultado de restar: 6
Esperado: 6, Obtenido: 6
Prueba finalizada!
]]></system-out>
  </testcase>
  <testcase name="testPorcentajeTotalCero" classname="CalculadoraTest" time="0.009">
    <system-out><![CDATA[Iniciando prueba...
Probando porcentaje con total = 0 (debe lanzar excepción)
Método porcentaje() llamado con parte = 10, total = 0
⚠️ Error: total es cero en porcentaje.
Prueba finalizada!
]]></system-out>
  </testcase>
  <testcase name="testMultiplicarNegativos" classname="CalculadoraTest" time="0.007">
    <system-out><![CDATA[Iniciando prueba...
Probando multiplicar negativos: -3 * 4
Método multiplicar() llamado con a = -3, b = 4
Resultado de multiplicar: -12
Esperado: -12, Obtenido: -12
Prueba finalizada!
]]></system-out>
  </testcase>
  <testcase name="testRestarNegativos" classname="CalculadoraTest" time="0.007">
    <system-out><![CDATA[Iniciando prueba...
Probando restar con negativos: -5 - (-3)
Método restar() llamado con a = -5, b = -3
Resultado de restar: -2
Esperado: -2, Obtenido: -2
Prueba finalizada!
]]></system-out>
  </testcase>
  <testcase name="testDividir" classname="CalculadoraTest" time="0.005">
    <system-out><![CDATA[Iniciando prueba...
Ejecutando testDividir...
Método dividir() llamado con a = 12, b = 4
Resultado de dividir: 3
Resultado: 3
Prueba finalizada!
]]></system-out>
  </testcase>
  <testcase name="testRaizCuadradaNegativo" classname="CalculadoraTest" time="0.011">
    <system-out><![CDATA[Iniciando prueba...
Probando raizCuadrada con -9 (debe lanzar excepción)
Método raizCuadrada() llamado con x = -9.0
⚠️ Error: raíz cuadrada de número negativo.
Prueba finalizada!
]]></system-out>
  </testcase>
  <testcase name="testRaizCuadradaNormal" classname="CalculadoraTest" time="0.011">
    <system-out><![CDATA[Iniciando prueba...
Probando raizCuadrada con 16
Método raizCuadrada() llamado con x = 16.0
Resultado de raizCuadrada: 4.0
Esperado: 4.0, Obtenido: 4.0
Prueba finalizada!
]]></system-out>
  </testcase>
</testsuite>